<?xml version="1.0" encoding="UTF-8"?>
<!-- Generated by org.testng.reporters.JUnitReportReporter -->
<testsuite hostname="JAMUNA-NAGARAJ" failures="0" tests="3" name="CampaignTest.CreateCampaign" time="35.248" errors="0" timestamp="2025-03-29T20:50:01 IST" skipped="0">
  <testcase classname="CampaignTest.CreateCampaign" name="createCampaignWithCloseDateTest" time="9.628">
    <system-out>
      <![CDATA[CampaignGoGreen_1751 added Successfully]]>
    </system-out>
  </testcase> <!-- createCampaignWithCloseDateTest -->
  <testcase classname="CampaignTest.CreateCampaign" name="createCampaignWIthMandatoryFieldsTest" time="11.653">
    <system-out>
      <![CDATA[CampaignGoGreen_691 added Successfully]]>
    </system-out>
  </testcase> <!-- createCampaignWIthMandatoryFieldsTest -->
  <testcase classname="CampaignTest.CreateCampaign" name="createCampaignWithAllFieldsTest" time="13.967">
    <system-out>
      <![CDATA[CampaignGoGreen_68 added Successfully]]>
    </system-out>
  </testcase> <!-- createCampaignWithAllFieldsTest -->
  <system-out>
    <![CDATA[ContactJamess_1537 added Successfully
CampaignGoGreen_691 added Successfully
CampaignGoGreen_68 added Successfully
CampaignGoGreen_1751 added Successfully]]>
  </system-out>
</testsuite> <!-- CampaignTest.CreateCampaign -->
