<?xml version="1.0" encoding="UTF-8"?>
<!-- Generated by org.testng.reporters.JUnitReportReporter -->
<testsuite hostname="JAMUNA-NAGARAJ" failures="0" tests="1" name="contactTest.createContactWithCampaign" time="21.829" errors="0" timestamp="2025-03-29T20:50:01 IST" skipped="0">
  <testcase classname="contactTest.createContactWithCampaign" name="createContactWithCampaignTest" time="21.829">
    <system-out>
      <![CDATA[ContactJamess_1537 added Successfully]]>
    </system-out>
  </testcase> <!-- createContactWithCampaignTest -->
  <system-out>
    <![CDATA[ContactJamess_1537 added Successfully
CampaignGoGreen_691 added Successfully
CampaignGoGreen_68 added Successfully
CampaignGoGreen_1751 added Successfully]]>
  </system-out>
</testsuite> <!-- contactTest.createContactWithCampaign -->
