<?xml version="1.0" encoding="UTF-8"?>
<!-- Generated by org.testng.reporters.JUnitReportReporter -->
<testsuite hostname="JAMUNA-NAGARAJ" failures="0" tests="3" name="DDT.DataProviderUsage" time="0.009" errors="0" timestamp="2025-03-25T20:48:09 IST" skipped="0">
  <testcase classname="DDT.DataProviderUsage" name="testCase" time="0.001"/>
  <testcase classname="DDT.DataProviderUsage" name="testCase" time="0.007"/>
  <testcase classname="DDT.DataProviderUsage" name="testCase" time="0.001"/>
</testsuite> <!-- DDT.DataProviderUsage -->
