<?xml version="1.0" encoding="UTF-8"?>
<!-- Generated by org.testng.reporters.JUnitReportReporter -->
<testsuite hostname="JAMUNA-NAGARAJ" failures="0" tests="1" name="ProductTest.createProduct" time="18.945" errors="0" timestamp="2025-03-29T20:50:01 IST" skipped="0">
  <testcase classname="ProductTest.createProduct" name="createProductTest" time="18.945"/>
  <system-out>
    <![CDATA[ContactJamess_1537 added Successfully
CampaignGoGreen_691 added Successfully
CampaignGoGreen_68 added Successfully
CampaignGoGreen_1751 added Successfully]]>
  </system-out>
</testsuite> <!-- ProductTest.createProduct -->
